<?xml version="1.0" encoding="UTF-8"?>
<!-- Generated by org.testng.reporters.JUnitReportReporter -->
<testsuite hostname="LAPTOP-6SVII2D2" failures="0" tests="1" name="testcases.verifySignup" time="25.143" errors="0" timestamp="2023-02-13T11:43:48 IST" skipped="0">
  <testcase classname="testcases.verifySignup" name="signup" time="25.143"/>
  <system-out/>
</testsuite> <!-- testcases.verifySignup -->
